1,Processed
10,Processed
100,Processed
101,Processed
102,Processed
116,Processed
119(a),Processed
119(b),Processed
120,Processed
120(a),Processed
121,Processed
123,Processed
124,Processed
125,Processed
126,Processed
127,Processed
129,Processed
13,Processed
135,Processed
136,Processed
137,Processed
15,Processed
15(a),Processed
165,Processed
167,Processed
17,Processed
170,Processed
172,Processed
178,Processed
17a,Processed
18,Processed
180,Processed
181,Processed
182,Processed
184,Processed
185,Processed
186,Processed
187,Processed
188,Processed
189,Processed
19,Processed
190,Processed
191,Processed
193,Processed
195,Processed
196,Processed
198,Processed
199,Processed
2,Processed
2(b),Processed
2(e),Processed
202,Processed
208,Processed
21,Processed
214,Processed
215,Processed
217,Processed
22,Processed
221,Processed
224,Processed
226,Processed
227,Processed
228,Processed
229,Processed
23,Processed
234,Processed
235,Processed
239,Processed
24,Processed
240,Processed
241,Processed
242,Processed
244,Processed
25(a),Processed
252,Processed
259(a),Processed
260,Processed
261(a),Processed
263,Processed
267,Processed
27,Processed
270,Processed
272,Processed
273,Processed
275,Processed
276,Processed
277,Processed
278,Processed
279,Processed
280,Processed
281,Processed
281(a),Processed
293,Processed
296,Processed
3,Processed
3(a),Processed
3(d),Processed
3(e),Processed
30,Processed
30(a),Processed
300(a),Processed
302,Processed
303,Processed
304,Processed
307,Processed
308,Processed
309,Processed
31,Processed
31(a),Processed
313(a),Processed
316,Processed
327,Processed
332,Processed
334,Processed
339,Processed
34,Processed
342,Processed
344,Processed
346,Processed
348,Processed
35,Processed
351,Processed
352,Processed
353,Processed
354,Processed
359,Processed
36(a),Processed
360,Processed
362,Processed
37,Processed
37(a),Processed
37(b),Processed
374(a),Processed
375,Processed
378,Processed
38(a),Processed
380,Processed
381,Processed
383,Processed
384,Processed
384a,Processed
384b,Processed
386,Processed
387,Processed
389,Processed
39,Processed
39(a),Processed
390,Processed
392/1,Processed
393,Processed
394,Processed
397,Processed
398,Processed
4,Processed
4(a),Processed
4(e),Processed
40,Processed
400,Processed
401,Processed
402,Processed
403,Processed
407,Processed
408,Processed
409,Processed
410,Processed
415,Processed
416,Processed
427,Processed
428,Processed
429,Processed
430,Processed
435,Processed
44,Processed
443,Processed
444,Processed
445,Processed
446,Processed
447,Processed
448,Processed
451,Processed
456,Processed
459,Processed
461,Processed
461(a),Processed
463,Processed
466,Processed
470,Processed
472,Processed
475,Processed
480,Processed
481,Processed
482,Processed
484,Processed
485,Processed
486,Processed
487,Processed
488,Processed
490,Processed
491,Processed
493,Processed
494,Processed
496,Processed
497,Processed
498,Processed
499,Processed
500,Processed
503,Processed
504,Processed
508,Processed
509,Processed
510,Processed
511,Processed
511a,Processed
511b,Processed
514,Processed
515,Processed
516,Processed
516(a),Processed
519,Processed
520,Processed
521,Processed
522,Processed
523,Processed
524,Processed
525,Processed
526,Processed
527,Processed
528,Processed
529,Processed
530,Processed
531,Processed
532,Processed
539,Processed
54,Processed
540,Processed
542,Processed
543,Processed
545,Processed
548,Processed
549,Processed
553,Processed
554,Processed
555,Processed
556,Processed
557,Processed
558,Processed
559,Processed
560,Processed
561,Processed
562,Processed
563,Processed
564,Processed
565,Processed
567,Processed
569,Processed
571,Processed
572,Processed
573,Processed
577,Processed
579,Processed
582,Processed
589,Processed
59,Processed
591,Processed
596,Processed
597,Processed
598,Processed
599,Processed
604,Processed
605,Processed
611,Processed
612,Processed
614,Processed
616,Processed
617,Processed
618,Processed
619,Processed
62,Processed
620(a),Processed
621,Processed
622,Processed
624,Processed
626,Processed
627,Processed
63,Processed
630,Processed
632,Processed
633,Processed
634,Processed
638,Processed
640,Processed
644,Processed
645,Processed
648,Processed
649,Processed
651,Processed
652,Processed
657,Processed
657(a),Processed
658,Processed
659,Processed
661,Processed
663,Processed
665,Processed
666,Processed
668,Processed
669,Processed
67,Processed
670,Processed
672,Processed
673,Processed
674,Processed
675,Processed
676,Processed
677,Processed
678,Processed
681,Processed
684,Processed
685,Processed
686,Processed
687,Processed
688,Processed
689,Processed
695,Processed
697,Processed
699,Processed
7,Processed
7(a),Processed
7(b),Processed
700,Processed
702,Processed
704,Processed
705,Processed
707,Processed
708,Processed
71,Processed
710,Processed
711,Processed
716,Processed
719,Processed
72,Processed
720,Processed
721,Processed
722,Processed
723,Processed
724,Processed
725,Processed
727,Processed
73,Processed
730,Processed
732,Processed
735,Processed
739,Processed
74,Processed
747,Processed
748,Processed
749,Processed
75(c),Processed
75(d),Processed
75/1,Processed
750,Processed
751,Processed
754,Processed
755,Processed
756,Processed
757,Processed
759,Processed
761,Processed
762,Processed
765,Processed
766,Processed
772,Processed
773,Processed
776,Processed
777,Processed
778,Processed
78,Processed
781,Processed
785,Processed
785(a),Processed
786,Processed
788,Processed
791,Processed
795,Processed
797,Processed
799,Processed
8,Processed
8(a),Processed
8(b),Processed
8(c),Processed
800,Processed
801,Processed
802,Processed
802(a),Processed
820,Processed
821,Processed
824,Processed
825,Processed
829,Processed
83,Processed
831,Processed
832,Processed
833,Processed
834,Processed
835,Processed
836,Processed
837,Processed
837(a),Processed
838,Processed
839,Processed
84,Processed
840,Processed
842,Processed
843,Processed
845,Processed
846,Processed
846a,Processed
85,Processed
86,Processed
88,Processed
89,Processed
89(a),Processed
9(a),Processed
90,Processed
90(a),Processed
90(b),Processed
92,Processed
93,Processed
94,Processed
98,Processed
99,Processed
